<?xml version="1.0" encoding="UTF-8"?>
<!-- Generated by org.testng.reporters.JUnitXMLReporter -->
<testsuite ignored="0" hostname="DESKTOP-MTKF7K8" failures="0" tests="5" name="Linux-Chrome" time="44.908" errors="0" timestamp="2025-06-20T17:51:41 IST">
  <testcase classname="testCases.TC_003_LoginDDT" name="verify_loginDDT" time="2.54"/>
  <testcase classname="testCases.TC_003_LoginDDT" name="verify_loginDDT" time="11.488"/>
  <testcase classname="testCases.TC_003_LoginDDT" name="verify_loginDDT" time="11.508"/>
  <testcase classname="testCases.TC_003_LoginDDT" name="verify_loginDDT" time="2.306"/>
  <testcase classname="testCases.TC_003_LoginDDT" name="verify_loginDDT" time="11.678"/>
</testsuite> <!-- Linux-Chrome -->
