<?xml version="1.0" encoding="UTF-8"?>
<!-- Generated by org.testng.reporters.JUnitXMLReporter -->
<testsuite ignored="1" hostname="DESKTOP-MTKF7K8" failures="0" tests="2" name="Test" time="10.6" errors="0" timestamp="2025-06-19T00:09:47 IST">
  <testcase classname="testCases.TC_001_AccountRegistrationTest" name="verify_account_registry" time="2.364"/>
  <testcase classname="testCases.TC_002_LoginTest" name="verify_login" time="1.751"/>
  <testcase classname="testCases.TC_003_LoginDDT" name="verify_loginDDT" time="0.0">
    <ignored/>
  </testcase> <!-- verify_loginDDT -->
</testsuite> <!-- Test -->
