<?xml version="1.0" encoding="UTF-8"?>
<testng-results ignored="0" total="2" passed="2" failed="0" skipped="0">
  <reporter-output>
  </reporter-output>
  <suite started-at="2025-06-20T20:58:42 IST" name="Surefire suite" finished-at="2025-06-20T20:58:53 IST" duration-ms="10289">
    <groups>
      <group name="Master">
        <method signature="TC_001_AccountRegistrationTest.verify_account_registry()[pri:0, instance:testCases.TC_001_AccountRegistrationTest@57d7f8ca]" name="verify_account_registry" class="testCases.TC_001_AccountRegistrationTest"/>
        <method signature="TC_002_LoginTest.verify_login()[pri:0, instance:testCases.TC_002_LoginTest@fa49800]" name="verify_login" class="testCases.TC_002_LoginTest"/>
      </group> <!-- Master -->
      <group name="Sanity">
        <method signature="TC_002_LoginTest.verify_login()[pri:0, instance:testCases.TC_002_LoginTest@fa49800]" name="verify_login" class="testCases.TC_002_LoginTest"/>
      </group> <!-- Sanity -->
      <group name="Regression">
        <method signature="TC_001_AccountRegistrationTest.verify_account_registry()[pri:0, instance:testCases.TC_001_AccountRegistrationTest@57d7f8ca]" name="verify_account_registry" class="testCases.TC_001_AccountRegistrationTest"/>
      </group> <!-- Regression -->
    </groups>
    <test started-at="2025-06-20T20:58:42 IST" name="Surefire test" finished-at="2025-06-20T20:58:53 IST" duration-ms="10289">
      <class name="testCases.TC_001_AccountRegistrationTest">
        <test-method is-config="true" signature="Setup(java.lang.String,java.lang.String)[pri:0, instance:testCases.TC_001_AccountRegistrationTest@57d7f8ca]" started-at="2025-06-20T20:58:42 IST" name="Setup" finished-at="2025-06-20T20:58:46 IST" duration-ms="3563" status="PASS">
          <params>
            <param index="0">
              <value>
                <![CDATA[Windows]]>
              </value>
            </param>
            <param index="1">
              <value>
                <![CDATA[chrome]]>
              </value>
            </param>
          </params>
          <reporter-output>
          </reporter-output>
        </test-method> <!-- Setup -->
        <test-method signature="verify_account_registry()[pri:0, instance:testCases.TC_001_AccountRegistrationTest@57d7f8ca]" started-at="2025-06-20T20:58:46 IST" name="verify_account_registry" finished-at="2025-06-20T20:58:48 IST" duration-ms="2174" status="PASS">
          <reporter-output>
          </reporter-output>
        </test-method> <!-- verify_account_registry -->
        <test-method is-config="true" signature="tearDown()[pri:0, instance:testCases.TC_001_AccountRegistrationTest@57d7f8ca]" started-at="2025-06-20T20:58:48 IST" name="tearDown" finished-at="2025-06-20T20:58:48 IST" duration-ms="362" status="PASS">
          <reporter-output>
          </reporter-output>
        </test-method> <!-- tearDown -->
      </class> <!-- testCases.TC_001_AccountRegistrationTest -->
      <class name="testCases.TC_002_LoginTest">
        <test-method is-config="true" signature="Setup(java.lang.String,java.lang.String)[pri:0, instance:testCases.TC_002_LoginTest@fa49800]" started-at="2025-06-20T20:58:48 IST" name="Setup" finished-at="2025-06-20T20:58:50 IST" duration-ms="1546" status="PASS">
          <params>
            <param index="0">
              <value>
                <![CDATA[Windows]]>
              </value>
            </param>
            <param index="1">
              <value>
                <![CDATA[chrome]]>
              </value>
            </param>
          </params>
          <reporter-output>
          </reporter-output>
        </test-method> <!-- Setup -->
        <test-method signature="verify_login()[pri:0, instance:testCases.TC_002_LoginTest@fa49800]" started-at="2025-06-20T20:58:50 IST" name="verify_login" finished-at="2025-06-20T20:58:52 IST" duration-ms="2234" status="PASS">
          <reporter-output>
          </reporter-output>
        </test-method> <!-- verify_login -->
        <test-method is-config="true" signature="tearDown()[pri:0, instance:testCases.TC_002_LoginTest@fa49800]" started-at="2025-06-20T20:58:52 IST" name="tearDown" finished-at="2025-06-20T20:58:53 IST" duration-ms="331" status="PASS">
          <reporter-output>
          </reporter-output>
        </test-method> <!-- tearDown -->
      </class> <!-- testCases.TC_002_LoginTest -->
    </test> <!-- Surefire test -->
  </suite> <!-- Surefire suite -->
</testng-results>
